mode: atomic
github.com\gotify\server\api\internalutil.go:10.61,11.71 1 37
github.com\gotify\server\api\internalutil.go:11.71,13.3 1 33
github.com\gotify\server\api\internalutil.go:13.3,15.3 1 4
github.com\gotify\server\api\message.go:54.52,56.45 2 5
github.com\gotify\server\api\message.go:56.45,60.3 2 3
github.com\gotify\server\api\message.go:64.58,66.45 2 3
github.com\gotify\server\api\message.go:66.45,70.3 2 1
github.com\gotify\server\api\message.go:74.51,76.64 2 6
github.com\gotify\server\api\message.go:76.64,79.25 3 6
github.com\gotify\server\api\message.go:91.3,91.28 1 2
github.com\gotify\server\api\message.go:79.25,82.22 2 7
github.com\gotify\server\api\message.go:82.22,85.5 2 2
github.com\gotify\server\api\message.go:85.5,85.58 1 5
github.com\gotify\server\api\message.go:85.58,88.5 2 2
github.com\gotify\server\api\message.go:95.64,98.27 3 6
github.com\gotify\server\api\message.go:101.2,101.15 1 6
github.com\gotify\server\api\message.go:98.27,100.3 1 12
github.com\gotify\server\api\message.go:104.110,108.34 4 7
github.com\gotify\server\api\message.go:119.2,122.3 1 7
github.com\gotify\server\api\message.go:108.34,118.3 9 4
github.com\gotify\server\api\message.go:125.71,127.64 2 13
github.com\gotify\server\api\message.go:127.64,129.3 1 8
github.com\gotify\server\api\message.go:133.67,134.34 1 5
github.com\gotify\server\api\message.go:134.34,135.46 1 5
github.com\gotify\server\api\message.go:135.46,136.91 1 4
github.com\gotify\server\api\message.go:136.91,140.5 2 3
github.com\gotify\server\api\message.go:140.5,142.5 1 1
github.com\gotify\server\api\message.go:148.55,151.2 2 1
github.com\gotify\server\api\message.go:154.69,155.34 1 3
github.com\gotify\server\api\message.go:155.34,156.114 1 3
github.com\gotify\server\api\message.go:156.114,158.4 1 1
github.com\gotify\server\api\message.go:158.4,160.4 1 2
github.com\gotify\server\api\message.go:165.54,166.34 1 4
github.com\gotify\server\api\message.go:166.34,167.125 1 3
github.com\gotify\server\api\message.go:167.125,169.4 1 1
github.com\gotify\server\api\message.go:169.4,171.4 1 2
github.com\gotify\server\api\message.go:176.54,178.43 2 7
github.com\gotify\server\api\message.go:178.43,184.3 5 4
github.com\gotify\server\api\token.go:43.56,45.39 2 5
github.com\gotify\server\api\token.go:45.39,50.3 4 4
github.com\gotify\server\api\token.go:54.51,56.42 2 4
github.com\gotify\server\api\token.go:56.42,61.3 4 3
github.com\gotify\server\api\token.go:65.54,68.27 3 2
github.com\gotify\server\api\token.go:71.2,71.21 1 2
github.com\gotify\server\api\token.go:68.27,70.3 1 4
github.com\gotify\server\api\token.go:75.49,79.2 3 1
github.com\gotify\server\api\token.go:82.56,83.34 1 4
github.com\gotify\server\api\token.go:83.34,84.90 1 4
github.com\gotify\server\api\token.go:84.90,86.23 2 2
github.com\gotify\server\api\token.go:86.23,88.5 1 1
github.com\gotify\server\api\token.go:89.4,91.4 1 2
github.com\gotify\server\api\token.go:96.51,97.34 1 3
github.com\gotify\server\api\token.go:97.34,98.94 1 3
github.com\gotify\server\api\token.go:98.94,101.4 2 1
github.com\gotify\server\api\token.go:101.4,103.4 1 2
github.com\gotify\server\api\token.go:108.61,109.34 1 8
github.com\gotify\server\api\token.go:109.34,110.90 1 8
github.com\gotify\server\api\token.go:110.90,112.34 2 7
github.com\gotify\server\api\token.go:119.4,122.31 4 5
github.com\gotify\server\api\token.go:127.4,130.39 3 4
github.com\gotify\server\api\token.go:134.4,135.18 2 4
github.com\gotify\server\api\token.go:140.4,140.23 1 3
github.com\gotify\server\api\token.go:144.4,146.44 3 3
github.com\gotify\server\api\token.go:112.34,115.5 2 1
github.com\gotify\server\api\token.go:115.5,115.25 1 6
github.com\gotify\server\api\token.go:115.25,118.5 2 1
github.com\gotify\server\api\token.go:122.31,125.5 2 1
github.com\gotify\server\api\token.go:130.39,132.5 1 1
github.com\gotify\server\api\token.go:135.18,138.5 2 1
github.com\gotify\server\api\token.go:140.23,142.5 1 2
github.com\gotify\server\api\token.go:147.4,149.4 1 1
github.com\gotify\server\api\token.go:153.30,154.49 1 5
github.com\gotify\server\api\token.go:157.2,157.13 1 1
github.com\gotify\server\api\token.go:154.49,156.3 1 4
github.com\gotify\server\api\token.go:160.83,163.21 2 11
github.com\gotify\server\api\token.go:168.2,169.12 2 11
github.com\gotify\server\api\token.go:163.21,165.3 1 7
github.com\gotify\server\api\token.go:165.3,167.3 1 4
github.com\gotify\server\api\token.go:172.57,174.2 1 5
github.com\gotify\server\api\token.go:176.52,178.2 1 4
github.com\gotify\server\api\token.go:180.104,181.6 1 7
github.com\gotify\server\api\token.go:181.6,183.26 2 9
github.com\gotify\server\api\token.go:183.26,185.4 1 7
github.com\gotify\server\api\user.go:30.46,34.29 3 1
github.com\gotify\server\api\user.go:38.2,38.21 1 1
github.com\gotify\server\api\user.go:34.29,36.3 1 2
github.com\gotify\server\api\user.go:42.52,45.2 2 1
github.com\gotify\server\api\user.go:48.48,50.40 2 4
github.com\gotify\server\api\user.go:50.40,52.47 2 2
github.com\gotify\server\api\user.go:52.47,55.4 2 1
github.com\gotify\server\api\user.go:55.4,57.4 1 1
github.com\gotify\server\api\user.go:62.49,63.34 1 3
github.com\gotify\server\api\user.go:63.34,64.54 1 2
github.com\gotify\server\api\user.go:64.54,66.4 1 1
github.com\gotify\server\api\user.go:66.4,68.4 1 1
github.com\gotify\server\api\user.go:73.52,74.34 1 3
github.com\gotify\server\api\user.go:74.34,75.48 1 2
github.com\gotify\server\api\user.go:75.48,78.4 2 1
github.com\gotify\server\api\user.go:78.4,80.4 1 1
github.com\gotify\server\api\user.go:85.52,87.38 2 2
github.com\gotify\server\api\user.go:87.38,91.3 3 1
github.com\gotify\server\api\user.go:95.52,96.34 1 4
github.com\gotify\server\api\user.go:96.34,98.41 2 3
github.com\gotify\server\api\user.go:98.41,99.55 1 3
github.com\gotify\server\api\user.go:99.55,104.5 4 2
github.com\gotify\server\api\user.go:104.5,106.5 1 1
github.com\gotify\server\api\user.go:111.91,116.25 2 4
github.com\gotify\server\api\user.go:121.2,121.13 1 4
github.com\gotify\server\api\user.go:116.25,118.3 1 3
github.com\gotify\server\api\user.go:118.3,120.3 1 1
github.com\gotify\server\api\user.go:124.59,130.2 1 7
